Arguments: 
  /usr/local/bin/node /usr/local/bin/yarn test

PATH: 
  /opt/local/bin:/opt/local/sbin:/Users/markmetzger/anaconda/bin:/Users/markmetzger/Desktop/anaconda/bin:/Library/Frameworks/Python.framework/Versions/3.5/bin:/usr/local/bin:/usr/bin:/bin:/usr/sbin:/sbin:/opt/local/bin:/opt/local/sbin:/Users/markmetzger/anaconda/bin:/Users/markmetzger/Desktop/anaconda/bin:/Library/Frameworks/Python.framework/Versions/3.5/bin

Yarn version: 
  1.3.2

Node version: 
  10.13.0

Platform: 
  darwin x64

npm manifest: 
  {
    "name": "redux-visualize",
    "scripts": {
      "start": "sh start.sh",
      "init": "sh init.sh",
      "test": "jest"
    },
    "devDependencies": {
      "@types/jest": "^24.0.17",
      "jest": "^24.8.0",
      "ts-jest": "^24.0.2"
    },
    "jest": {
      "roots": [
        "<rootDir>/package/core/src/vis/tests"
      ],
      "transform": {
        "^.+\\.tsx?$": "ts-jest"
      },
      "testRegex": "(*|(\\.|/)(test))\\.tsx?$"
      "moduleFileExtensions": [
        "ts",
        "tsx",
        "js",
        "jsx"
      ]
    }
  }

yarn manifest: 
  No manifest

Lockfile: 
  # THIS IS AN AUTOGENERATED FILE. DO NOT EDIT THIS FILE DIRECTLY.
  # yarn lockfile v1

Trace: 
  SyntaxError: /Users/markmetzger/Desktop/redux-visualize-2.0/package.json: Unexpected string in JSON at position 416
      at JSON.parse (<anonymous>)
      at /usr/local/lib/node_modules/yarn/lib/cli.js:770:59
      at Generator.next (<anonymous>)
      at step (/usr/local/lib/node_modules/yarn/lib/cli.js:92:30)
      at /usr/local/lib/node_modules/yarn/lib/cli.js:103:13
